<?xml version="1.0" encoding="UTF-8"?>
<!-- Generated by org.testng.reporters.JUnitXMLReporter -->
<testsuite hostname="RSLPTP862" ignored="1" name="Test" tests="3" failures="0" timestamp="18 Jan 2019 09:21:20 GMT" time="0.072" errors="0">
  <testcase name="getParameter" time="0.035" classname="SeleniumDemo.ParameterAnnotationDemo"/>
  <testcase name="test1" time="0.002" classname="SeleniumDemo.ParameterAnnotationDemo"/>
  <testcase name="test3" time="0.002" classname="SeleniumDemo.ParameterAnnotationDemo"/>
  <testcase name="test2" time="0.0" classname="SeleniumDemo.ParameterAnnotationDemo">
    <ignored/>
  </testcase> <!-- test2 -->
</testsuite> <!-- Test -->
