<?xml version="1.0" encoding="UTF-8"?>
<testng-results skipped="0" failed="0" ignored="1" total="4" passed="3">
  <reporter-output>
  </reporter-output>
  <suite name="Suite" duration-ms="72" started-at="2019-01-18T09:21:20Z" finished-at="2019-01-18T09:21:20Z">
    <groups>
    </groups>
    <test name="Test" duration-ms="72" started-at="2019-01-18T09:21:20Z" finished-at="2019-01-18T09:21:20Z">
      <class name="SeleniumDemo.ParameterAnnotationDemo">
        <test-method status="PASS" signature="getParameter(java.lang.String, java.lang.String)[pri:0, instance:SeleniumDemo.ParameterAnnotationDemo@5e5792a0]" name="getParameter" duration-ms="35" started-at="2019-01-18T09:21:20Z" finished-at="2019-01-18T09:21:20Z">
          <params>
            <param index="0">
              <value>
                <![CDATA[data1]]>
              </value>
            </param>
            <param index="1">
              <value>
                <![CDATA[data2]]>
              </value>
            </param>
          </params>
          <reporter-output>
          </reporter-output>
        </test-method> <!-- getParameter -->
        <test-method status="PASS" signature="test1()[pri:0, instance:SeleniumDemo.ParameterAnnotationDemo@5e5792a0]" name="test1" duration-ms="2" started-at="2019-01-18T09:21:20Z" finished-at="2019-01-18T09:21:20Z">
          <reporter-output>
          </reporter-output>
        </test-method> <!-- test1 -->
        <test-method status="PASS" signature="test3()[pri:0, instance:SeleniumDemo.ParameterAnnotationDemo@5e5792a0]" name="test3" duration-ms="2" started-at="2019-01-18T09:21:20Z" finished-at="2019-01-18T09:21:20Z">
          <reporter-output>
          </reporter-output>
        </test-method> <!-- test3 -->
      </class> <!-- SeleniumDemo.ParameterAnnotationDemo -->
    </test> <!-- Test -->
  </suite> <!-- Suite -->
</testng-results>
